{"numTotalTestSuites":10,"numPassedTestSuites":3,"numFailedTestSuites":7,"numPendingTestSuites":0,"numTotalTests":68,"numPassedTests":44,"numFailedTests":24,"numPendingTests":0,"numTodoTests":0,"snapshot":{"added":0,"failure":false,"filesAdded":0,"filesRemoved":0,"filesRemovedList":[],"filesUnmatched":0,"filesUpdated":0,"matched":0,"total":0,"unchecked":0,"uncheckedKeysByFile":[],"unmatched":0,"updated":0,"didUpdate":false},"startTime":1785571049503,"success":false,"testResults":[{"assertionResults":[{"ancestorTitles":["WebAssembly API"],"fullName":"WebAssembly API WebAssembly exists with all methods","status":"passed","title":"WebAssembly exists with all methods","duration":4.500599999999849,"failureMessages":[],"meta":{},"tags":[]},{"ancestorTitles":["WebAssembly API"],"fullName":"WebAssembly API validate returns false for non-buffer","status":"passed","title":"validate returns false for non-buffer","duration":0.3445999999999003,"failureMessages":[],"meta":{},"tags":[]},{"ancestorTitles":["WebAssembly API"],"fullName":"WebAssembly API validate returns true for valid WASM magic number","status":"passed","title":"validate returns true for valid WASM magic number","duration":0.23080000000004475,"failureMessages":[],"meta":{},"tags":[]},{"ancestorTitles":["WebAssembly API"],"fullName":"WebAssembly API validate returns false for invalid magic number","status":"passed","title":"validate returns false for invalid magic number","duration":0.2076999999999316,"failureMessages":[],"meta":{},"tags":[]},{"ancestorTitles":["WebAssembly API"],"fullName":"WebAssembly API compile returns a promise-like with Module","status":"passed","title":"compile returns a promise-like with Module","duration":0.5907999999999447,"failureMessages":[],"meta":{},"tags":[]},{"ancestorTitles":["WebAssembly API"],"fullName":"WebAssembly API instantiate returns module and instance","status":"failed","title":"instantiate returns module and instance","duration":7.683800000000019,"failureMessages":["AssertionError: expected undefined to be defined\n    at E:/nova_1/tests/web-apis-extended.test.ts:67:22\n    at file:///E:/nova_1/node_modules/@vitest/runner/dist/chunk-artifact.js:302:11\n    at file:///E:/nova_1/node_modules/@vitest/runner/dist/chunk-artifact.js:1903:26\n    at file:///E:/nova_1/node_modules/@vitest/runner/dist/chunk-artifact.js:2326:20\n    at new Promise (<anonymous>)\n    at runWithCancel (file:///E:/nova_1/node_modules/@vitest/runner/dist/chunk-artifact.js:2323:10)\n    at file:///E:/nova_1/node_modules/@vitest/runner/dist/chunk-artifact.js:2305:20\n    at new Promise (<anonymous>)\n    at runWithTimeout (file:///E:/nova_1/node_modules/@vitest/runner/dist/chunk-artifact.js:2272:10)\n    at file:///E:/nova_1/node_modules/@vitest/runner/dist/chunk-artifact.js:2955:64"],"meta":{},"tags":[]},{"ancestorTitles":["WebAssembly API"],"fullName":"WebAssembly API Module constructor creates a module","status":"passed","title":"Module constructor creates a module","duration":0.46390000000019427,"failureMessages":[],"meta":{},"tags":[]},{"ancestorTitles":["WebAssembly API"],"fullName":"WebAssembly API Module.imports returns array","status":"passed","title":"Module.imports returns array","duration":0.5562999999999647,"failureMessages":[],"meta":{},"tags":[]},{"ancestorTitles":["WebAssembly API"],"fullName":"WebAssembly API Instance constructor creates an instance","status":"passed","title":"Instance constructor creates an instance","duration":0.49860000000012406,"failureMessages":[],"meta":{},"tags":[]},{"ancestorTitles":["WebAssembly API"],"fullName":"WebAssembly API Memory constructor creates a memory","status":"passed","title":"Memory constructor creates a memory","duration":1.0314999999998236,"failureMessages":[],"meta":{},"tags":[]},{"ancestorTitles":["WebAssembly API"],"fullName":"WebAssembly API Memory.grow returns delta","status":"passed","title":"Memory.grow returns delta","duration":1.0902999999998428,"failureMessages":[],"meta":{},"tags":[]},{"ancestorTitles":["WebAssembly API"],"fullName":"WebAssembly API Table constructor creates a table","status":"passed","title":"Table constructor creates a table","duration":0.9693999999999505,"failureMessages":[],"meta":{},"tags":[]},{"ancestorTitles":["WebAssembly API"],"fullName":"WebAssembly API Table.get returns null","status":"passed","title":"Table.get returns null","duration":0.4658999999999196,"failureMessages":[],"meta":{},"tags":[]},{"ancestorTitles":["WebAssembly API"],"fullName":"WebAssembly API Global constructor creates a global","status":"passed","title":"Global constructor creates a global","duration":1.313899999999876,"failureMessages":[],"meta":{},"tags":[]},{"ancestorTitles":["WebAssembly API"],"fullName":"WebAssembly API Global.valueOf returns current value","status":"passed","title":"Global.valueOf returns current value","duration":0.5781000000001768,"failureMessages":[],"meta":{},"tags":[]},{"ancestorTitles":["WebAssembly API"],"fullName":"WebAssembly API Tag constructor creates a tag","status":"passed","title":"Tag constructor creates a tag","duration":0.7653000000000247,"failureMessages":[],"meta":{},"tags":[]},{"ancestorTitles":["WebAssembly API"],"fullName":"WebAssembly API Exception constructor creates an exception","status":"passed","title":"Exception constructor creates an exception","duration":0.3000999999999294,"failureMessages":[],"meta":{},"tags":[]},{"ancestorTitles":["WebGPU API"],"fullName":"WebGPU API gpu object has requestAdapter and getPreferredCanvasFormat","status":"passed","title":"gpu object has requestAdapter and getPreferredCanvasFormat","duration":0.45410000000015316,"failureMessages":[],"meta":{},"tags":[]},{"ancestorTitles":["WebGPU API"],"fullName":"WebGPU API getPreferredCanvasFormat returns bgra8unorm","status":"passed","title":"getPreferredCanvasFormat returns bgra8unorm","duration":0.21780000000012478,"failureMessages":[],"meta":{},"tags":[]},{"ancestorTitles":["WebGPU API"],"fullName":"WebGPU API requestAdapter returns adapter with requestDevice","status":"failed","title":"requestAdapter returns adapter with requestDevice","duration":1.308999999999969,"failureMessages":["AssertionError: expected undefined to be defined\n    at E:/nova_1/tests/web-apis-extended.test.ts:183:21\n    at file:///E:/nova_1/node_modules/@vitest/runner/dist/chunk-artifact.js:302:11\n    at file:///E:/nova_1/node_modules/@vitest/runner/dist/chunk-artifact.js:1903:26\n    at file:///E:/nova_1/node_modules/@vitest/runner/dist/chunk-artifact.js:2326:20\n    at new Promise (<anonymous>)\n    at runWithCancel (file:///E:/nova_1/node_modules/@vitest/runner/dist/chunk-artifact.js:2323:10)\n    at file:///E:/nova_1/node_modules/@vitest/runner/dist/chunk-artifact.js:2305:20\n    at new Promise (<anonymous>)\n    at runWithTimeout (file:///E:/nova_1/node_modules/@vitest/runner/dist/chunk-artifact.js:2272:10)\n    at file:///E:/nova_1/node_modules/@vitest/runner/dist/chunk-artifact.js:2955:64"],"meta":{},"tags":[]},{"ancestorTitles":["WebGPU API"],"fullName":"WebGPU API requestDevice returns a device","status":"failed","title":"requestDevice returns a device","duration":0.8262999999999465,"failureMessages":["TypeError: Cannot read properties of undefined (reading 'properties')\n    at E:/nova_1/tests/web-apis-extended.test.ts:195:34\n    at file:///E:/nova_1/node_modules/@vitest/runner/dist/chunk-artifact.js:302:11\n    at file:///E:/nova_1/node_modules/@vitest/runner/dist/chunk-artifact.js:1903:26\n    at file:///E:/nova_1/node_modules/@vitest/runner/dist/chunk-artifact.js:2326:20\n    at new Promise (<anonymous>)\n    at runWithCancel (file:///E:/nova_1/node_modules/@vitest/runner/dist/chunk-artifact.js:2323:10)\n    at file:///E:/nova_1/node_modules/@vitest/runner/dist/chunk-artifact.js:2305:20\n    at new Promise (<anonymous>)\n    at runWithTimeout (file:///E:/nova_1/node_modules/@vitest/runner/dist/chunk-artifact.js:2272:10)\n    at file:///E:/nova_1/node_modules/@vitest/runner/dist/chunk-artifact.js:2955:64"],"meta":{},"tags":[]},{"ancestorTitles":["WebGPU API"],"fullName":"WebGPU API device.createBuffer returns a buffer","status":"failed","title":"device.createBuffer returns a buffer","duration":0.680699999999888,"failureMessages":["TypeError: Cannot read properties of undefined (reading 'properties')\n    at E:/nova_1/tests/web-apis-extended.test.ts:217:34\n    at file:///E:/nova_1/node_modules/@vitest/runner/dist/chunk-artifact.js:302:11\n    at file:///E:/nova_1/node_modules/@vitest/runner/dist/chunk-artifact.js:1903:26\n    at file:///E:/nova_1/node_modules/@vitest/runner/dist/chunk-artifact.js:2326:20\n    at new Promise (<anonymous>)\n    at runWithCancel (file:///E:/nova_1/node_modules/@vitest/runner/dist/chunk-artifact.js:2323:10)\n    at file:///E:/nova_1/node_modules/@vitest/runner/dist/chunk-artifact.js:2305:20\n    at new Promise (<anonymous>)\n    at runWithTimeout (file:///E:/nova_1/node_modules/@vitest/runner/dist/chunk-artifact.js:2272:10)\n    at file:///E:/nova_1/node_modules/@vitest/runner/dist/chunk-artifact.js:2955:64"],"meta":{},"tags":[]},{"ancestorTitles":["WebGPU API"],"fullName":"WebGPU API device.createTexture returns a texture with createView","status":"failed","title":"device.createTexture returns a texture with createView","duration":0.8602000000000771,"failureMessages":["TypeError: Cannot read properties of undefined (reading 'properties')\n    at E:/nova_1/tests/web-apis-extended.test.ts:233:34\n    at file:///E:/nova_1/node_modules/@vitest/runner/dist/chunk-artifact.js:302:11\n    at file:///E:/nova_1/node_modules/@vitest/runner/dist/chunk-artifact.js:1903:26\n    at file:///E:/nova_1/node_modules/@vitest/runner/dist/chunk-artifact.js:2326:20\n    at new Promise (<anonymous>)\n    at runWithCancel (file:///E:/nova_1/node_modules/@vitest/runner/dist/chunk-artifact.js:2323:10)\n    at file:///E:/nova_1/node_modules/@vitest/runner/dist/chunk-artifact.js:2305:20\n    at new Promise (<anonymous>)\n    at runWithTimeout (file:///E:/nova_1/node_modules/@vitest/runner/dist/chunk-artifact.js:2272:10)\n    at file:///E:/nova_1/node_modules/@vitest/runner/dist/chunk-artifact.js:2955:64"],"meta":{},"tags":[]},{"ancestorTitles":["WebGPU API"],"fullName":"WebGPU API device.createShaderModule returns a shader module","status":"failed","title":"device.createShaderModule returns a shader module","duration":0.4309000000000651,"failureMessages":["TypeError: Cannot read properties of undefined (reading 'properties')\n    at E:/nova_1/tests/web-apis-extended.test.ts:254:34\n    at file:///E:/nova_1/node_modules/@vitest/runner/dist/chunk-artifact.js:302:11\n    at file:///E:/nova_1/node_modules/@vitest/runner/dist/chunk-artifact.js:1903:26\n    at file:///E:/nova_1/node_modules/@vitest/runner/dist/chunk-artifact.js:2326:20\n    at new Promise (<anonymous>)\n    at runWithCancel (file:///E:/nova_1/node_modules/@vitest/runner/dist/chunk-artifact.js:2323:10)\n    at file:///E:/nova_1/node_modules/@vitest/runner/dist/chunk-artifact.js:2305:20\n    at new Promise (<anonymous>)\n    at runWithTimeout (file:///E:/nova_1/node_modules/@vitest/runner/dist/chunk-artifact.js:2272:10)\n    at file:///E:/nova_1/node_modules/@vitest/runner/dist/chunk-artifact.js:2955:64"],"meta":{},"tags":[]},{"ancestorTitles":["WebGPU API"],"fullName":"WebGPU API device.createQueue has submit and writeBuffer","status":"failed","title":"device.createQueue has submit and writeBuffer","duration":0.526700000000119,"failureMessages":["TypeError: Cannot read properties of undefined (reading 'properties')\n    at E:/nova_1/tests/web-apis-extended.test.ts:269:34\n    at file:///E:/nova_1/node_modules/@vitest/runner/dist/chunk-artifact.js:302:11\n    at file:///E:/nova_1/node_modules/@vitest/runner/dist/chunk-artifact.js:1903:26\n    at file:///E:/nova_1/node_modules/@vitest/runner/dist/chunk-artifact.js:2326:20\n    at new Promise (<anonymous>)\n    at runWithCancel (file:///E:/nova_1/node_modules/@vitest/runner/dist/chunk-artifact.js:2323:10)\n    at file:///E:/nova_1/node_modules/@vitest/runner/dist/chunk-artifact.js:2305:20\n    at new Promise (<anonymous>)\n    at runWithTimeout (file:///E:/nova_1/node_modules/@vitest/runner/dist/chunk-artifact.js:2272:10)\n    at file:///E:/nova_1/node_modules/@vitest/runner/dist/chunk-artifact.js:2955:64"],"meta":{},"tags":[]},{"ancestorTitles":["WebXR API"],"fullName":"WebXR API xr has isSessionSupported and requestSession","status":"passed","title":"xr has isSessionSupported and requestSession","duration":0.22659999999996217,"failureMessages":[],"meta":{},"tags":[]},{"ancestorTitles":["WebXR API"],"fullName":"WebXR API isSessionSupported returns false","status":"failed","title":"isSessionSupported returns false","duration":2.657799999999952,"failureMessages":["AssertionError: expected undefined to be false // Object.is equality\n    at E:/nova_1/tests/web-apis-extended.test.ts:298:23\n    at file:///E:/nova_1/node_modules/@vitest/runner/dist/chunk-artifact.js:302:11\n    at file:///E:/nova_1/node_modules/@vitest/runner/dist/chunk-artifact.js:1903:26\n    at file:///E:/nova_1/node_modules/@vitest/runner/dist/chunk-artifact.js:2326:20\n    at new Promise (<anonymous>)\n    at runWithCancel (file:///E:/nova_1/node_modules/@vitest/runner/dist/chunk-artifact.js:2323:10)\n    at file:///E:/nova_1/node_modules/@vitest/runner/dist/chunk-artifact.js:2305:20\n    at new Promise (<anonymous>)\n    at runWithTimeout (file:///E:/nova_1/node_modules/@vitest/runner/dist/chunk-artifact.js:2272:10)\n    at file:///E:/nova_1/node_modules/@vitest/runner/dist/chunk-artifact.js:2955:64"],"meta":{},"tags":[]},{"ancestorTitles":["WebXR API"],"fullName":"WebXR API requestSession returns an XRSession","status":"failed","title":"requestSession returns an XRSession","duration":2.557399999999916,"failureMessages":["AssertionError: expected undefined to be defined\n    at E:/nova_1/tests/web-apis-extended.test.ts:306:21\n    at file:///E:/nova_1/node_modules/@vitest/runner/dist/chunk-artifact.js:302:11\n    at file:///E:/nova_1/node_modules/@vitest/runner/dist/chunk-artifact.js:1903:26\n    at file:///E:/nova_1/node_modules/@vitest/runner/dist/chunk-artifact.js:2326:20\n    at new Promise (<anonymous>)\n    at runWithCancel (file:///E:/nova_1/node_modules/@vitest/runner/dist/chunk-artifact.js:2323:10)\n    at file:///E:/nova_1/node_modules/@vitest/runner/dist/chunk-artifact.js:2305:20\n    at new Promise (<anonymous>)\n    at runWithTimeout (file:///E:/nova_1/node_modules/@vitest/runner/dist/chunk-artifact.js:2272:10)\n    at file:///E:/nova_1/node_modules/@vitest/runner/dist/chunk-artifact.js:2955:64"],"meta":{},"tags":[]},{"ancestorTitles":["WebXR API"],"fullName":"WebXR API session.requestReferenceSpace returns a reference space","status":"failed","title":"session.requestReferenceSpace returns a reference space","duration":1.9623000000001412,"failureMessages":["TypeError: Cannot read properties of undefined (reading 'properties')\n    at E:/nova_1/tests/web-apis-extended.test.ts:323:31\n    at file:///E:/nova_1/node_modules/@vitest/runner/dist/chunk-artifact.js:302:11\n    at file:///E:/nova_1/node_modules/@vitest/runner/dist/chunk-artifact.js:1903:26\n    at file:///E:/nova_1/node_modules/@vitest/runner/dist/chunk-artifact.js:2326:20\n    at new Promise (<anonymous>)\n    at runWithCancel (file:///E:/nova_1/node_modules/@vitest/runner/dist/chunk-artifact.js:2323:10)\n    at file:///E:/nova_1/node_modules/@vitest/runner/dist/chunk-artifact.js:2305:20\n    at new Promise (<anonymous>)\n    at runWithTimeout (file:///E:/nova_1/node_modules/@vitest/runner/dist/chunk-artifact.js:2272:10)\n    at file:///E:/nova_1/node_modules/@vitest/runner/dist/chunk-artifact.js:2955:64"],"meta":{},"tags":[]},{"ancestorTitles":["WebXR API"],"fullName":"WebXR API referenceSpace.getViewerPose returns a pose with views","status":"failed","title":"referenceSpace.getViewerPose returns a pose with views","duration":1.1743999999998778,"failureMessages":["TypeError: Cannot read properties of undefined (reading 'properties')\n    at E:/nova_1/tests/web-apis-extended.test.ts:337:31\n    at file:///E:/nova_1/node_modules/@vitest/runner/dist/chunk-artifact.js:302:11\n    at file:///E:/nova_1/node_modules/@vitest/runner/dist/chunk-artifact.js:1903:26\n    at file:///E:/nova_1/node_modules/@vitest/runner/dist/chunk-artifact.js:2326:20\n    at new Promise (<anonymous>)\n    at runWithCancel (file:///E:/nova_1/node_modules/@vitest/runner/dist/chunk-artifact.js:2323:10)\n    at file:///E:/nova_1/node_modules/@vitest/runner/dist/chunk-artifact.js:2305:20\n    at new Promise (<anonymous>)\n    at runWithTimeout (file:///E:/nova_1/node_modules/@vitest/runner/dist/chunk-artifact.js:2272:10)\n    at file:///E:/nova_1/node_modules/@vitest/runner/dist/chunk-artifact.js:2955:64"],"meta":{},"tags":[]},{"ancestorTitles":["WebXR API"],"fullName":"WebXR API session.end returns a promise","status":"failed","title":"session.end returns a promise","duration":0.9786999999998898,"failureMessages":["TypeError: Cannot read properties of undefined (reading 'properties')\n    at E:/nova_1/tests/web-apis-extended.test.ts:353:31\n    at file:///E:/nova_1/node_modules/@vitest/runner/dist/chunk-artifact.js:302:11\n    at file:///E:/nova_1/node_modules/@vitest/runner/dist/chunk-artifact.js:1903:26\n    at file:///E:/nova_1/node_modules/@vitest/runner/dist/chunk-artifact.js:2326:20\n    at new Promise (<anonymous>)\n    at runWithCancel (file:///E:/nova_1/node_modules/@vitest/runner/dist/chunk-artifact.js:2323:10)\n    at file:///E:/nova_1/node_modules/@vitest/runner/dist/chunk-artifact.js:2305:20\n    at new Promise (<anonymous>)\n    at runWithTimeout (file:///E:/nova_1/node_modules/@vitest/runner/dist/chunk-artifact.js:2272:10)\n    at file:///E:/nova_1/node_modules/@vitest/runner/dist/chunk-artifact.js:2955:64"],"meta":{},"tags":[]},{"ancestorTitles":["Compression Streams API"],"fullName":"Compression Streams API CompressionStream creates readable and writable","status":"passed","title":"CompressionStream creates readable and writable","duration":0.7566999999999098,"failureMessages":[],"meta":{},"tags":[]},{"ancestorTitles":["Compression Streams API"],"fullName":"Compression Streams API CompressionStream defaults to gzip","status":"passed","title":"CompressionStream defaults to gzip","duration":0.143100000000004,"failureMessages":[],"meta":{},"tags":[]},{"ancestorTitles":["Compression Streams API"],"fullName":"Compression Streams API CompressionStream supports deflate","status":"passed","title":"CompressionStream supports deflate","duration":0.1346000000000913,"failureMessages":[],"meta":{},"tags":[]},{"ancestorTitles":["Compression Streams API"],"fullName":"Compression Streams API CompressionStream supports deflate-raw","status":"passed","title":"CompressionStream supports deflate-raw","duration":0.13599999999996726,"failureMessages":[],"meta":{},"tags":[]},{"ancestorTitles":["Compression Streams API"],"fullName":"Compression Streams API DecompressionStream creates readable and writable","status":"passed","title":"DecompressionStream creates readable and writable","duration":0.3104000000000724,"failureMessages":[],"meta":{},"tags":[]},{"ancestorTitles":["Compression Streams API"],"fullName":"Compression Streams API readable has getReader method","status":"passed","title":"readable has getReader method","duration":0.13609999999994216,"failureMessages":[],"meta":{},"tags":[]},{"ancestorTitles":["Compression Streams API"],"fullName":"Compression Streams API readable.getReader returns a reader with read and releaseLock","status":"passed","title":"readable.getReader returns a reader with read and releaseLock","duration":0.2141999999998916,"failureMessages":[],"meta":{},"tags":[]},{"ancestorTitles":["Compression Streams API"],"fullName":"Compression Streams API writable has getWriter, close, abort methods","status":"passed","title":"writable has getWriter, close, abort methods","duration":0.17899999999985994,"failureMessages":[],"meta":{},"tags":[]},{"ancestorTitles":["Scheduler API"],"fullName":"Scheduler API scheduler has postTask and yield","status":"passed","title":"scheduler has postTask and yield","duration":0.24739999999997053,"failureMessages":[],"meta":{},"tags":[]},{"ancestorTitles":["Scheduler API"],"fullName":"Scheduler API scheduler.yield returns a promise-like","status":"passed","title":"scheduler.yield returns a promise-like","duration":0.16429999999991196,"failureMessages":[],"meta":{},"tags":[]},{"ancestorTitles":["Scheduler API"],"fullName":"Scheduler API scheduler.postTask returns a promise-like","status":"passed","title":"scheduler.postTask returns a promise-like","duration":0.21839999999997417,"failureMessages":[],"meta":{},"tags":[]},{"ancestorTitles":["Scheduler API"],"fullName":"Scheduler API scheduler.currentTask returns a task object","status":"passed","title":"scheduler.currentTask returns a task object","duration":0.20080000000007203,"failureMessages":[],"meta":{},"tags":[]},{"ancestorTitles":["Shared Storage API"],"fullName":"Shared Storage API sharedStorage has all expected methods","status":"passed","title":"sharedStorage has all expected methods","duration":0.3848000000000411,"failureMessages":[],"meta":{},"tags":[]},{"ancestorTitles":["Shared Storage API"],"fullName":"Shared Storage API sharedStorage.set returns a promise","status":"passed","title":"sharedStorage.set returns a promise","duration":0.16489999999998872,"failureMessages":[],"meta":{},"tags":[]},{"ancestorTitles":["Shared Storage API"],"fullName":"Shared Storage API sharedStorage.get returns a promise with null","status":"failed","title":"sharedStorage.get returns a promise with null","duration":0.6742999999999029,"failureMessages":["AssertionError: expected undefined to be null\n    at E:/nova_1/tests/web-apis-extended.test.ts:493:19\n    at file:///E:/nova_1/node_modules/@vitest/runner/dist/chunk-artifact.js:302:11\n    at file:///E:/nova_1/node_modules/@vitest/runner/dist/chunk-artifact.js:1903:26\n    at file:///E:/nova_1/node_modules/@vitest/runner/dist/chunk-artifact.js:2326:20\n    at new Promise (<anonymous>)\n    at runWithCancel (file:///E:/nova_1/node_modules/@vitest/runner/dist/chunk-artifact.js:2323:10)\n    at file:///E:/nova_1/node_modules/@vitest/runner/dist/chunk-artifact.js:2305:20\n    at new Promise (<anonymous>)\n    at runWithTimeout (file:///E:/nova_1/node_modules/@vitest/runner/dist/chunk-artifact.js:2272:10)\n    at file:///E:/nova_1/node_modules/@vitest/runner/dist/chunk-artifact.js:2955:64"],"meta":{},"tags":[]},{"ancestorTitles":["Shared Storage API"],"fullName":"Shared Storage API sharedStorage.selectURL returns a promise","status":"passed","title":"sharedStorage.selectURL returns a promise","duration":0.2665999999999258,"failureMessages":[],"meta":{},"tags":[]},{"ancestorTitles":["Fenced Frames API"],"fullName":"Fenced Frames API FencedFrameConfig has expected properties","status":"passed","title":"FencedFrameConfig has expected properties","duration":0.45450000000005275,"failureMessages":[],"meta":{},"tags":[]},{"ancestorTitles":["Fenced Frames API"],"fullName":"Fenced Frames API Fence has report, getJoiningOrigins, getSharedStorage, notifyEvent","status":"passed","title":"Fence has report, getJoiningOrigins, getSharedStorage, notifyEvent","duration":0.27320000000008804,"failureMessages":[],"meta":{},"tags":[]},{"ancestorTitles":["Fenced Frames API"],"fullName":"Fenced Frames API fence.report returns a promise","status":"passed","title":"fence.report returns a promise","duration":0.1875999999999749,"failureMessages":[],"meta":{},"tags":[]},{"ancestorTitles":["Fenced Frames API"],"fullName":"Fenced Frames API fence.getJoiningOrigins returns empty array","status":"failed","title":"fence.getJoiningOrigins returns empty array","duration":0.5796000000000276,"failureMessages":["AssertionError: expected undefined to be defined\n    at E:/nova_1/tests/web-apis-extended.test.ts:540:21\n    at file:///E:/nova_1/node_modules/@vitest/runner/dist/chunk-artifact.js:302:11\n    at file:///E:/nova_1/node_modules/@vitest/runner/dist/chunk-artifact.js:1903:26\n    at file:///E:/nova_1/node_modules/@vitest/runner/dist/chunk-artifact.js:2326:20\n    at new Promise (<anonymous>)\n    at runWithCancel (file:///E:/nova_1/node_modules/@vitest/runner/dist/chunk-artifact.js:2323:10)\n    at file:///E:/nova_1/node_modules/@vitest/runner/dist/chunk-artifact.js:2305:20\n    at new Promise (<anonymous>)\n    at runWithTimeout (file:///E:/nova_1/node_modules/@vitest/runner/dist/chunk-artifact.js:2272:10)\n    at file:///E:/nova_1/node_modules/@vitest/runner/dist/chunk-artifact.js:2955:64"],"meta":{},"tags":[]},{"ancestorTitles":["AI APIs"],"fullName":"AI APIs window.ai has canCreateTextSession and createTextSession","status":"passed","title":"window.ai has canCreateTextSession and createTextSession","duration":0.3692000000000917,"failureMessages":[],"meta":{},"tags":[]},{"ancestorTitles":["AI APIs"],"fullName":"AI APIs window.ai has language model methods","status":"passed","title":"window.ai has language model methods","duration":0.18800000000010186,"failureMessages":[],"meta":{},"tags":[]},{"ancestorTitles":["AI APIs"],"fullName":"AI APIs window.ai has assistant, summarizer, writer, rewriter, translator","status":"passed","title":"window.ai has assistant, summarizer, writer, rewriter, translator","duration":0.24289999999996326,"failureMessages":[],"meta":{},"tags":[]},{"ancestorTitles":["AI APIs"],"fullName":"AI APIs canCreateTextSession returns readily","status":"failed","title":"canCreateTextSession returns readily","duration":0.9330999999999676,"failureMessages":["AssertionError: expected undefined to be 'readily' // Object.is equality\n    at E:/nova_1/tests/web-apis-extended.test.ts:579:20\n    at file:///E:/nova_1/node_modules/@vitest/runner/dist/chunk-artifact.js:302:11\n    at file:///E:/nova_1/node_modules/@vitest/runner/dist/chunk-artifact.js:1903:26\n    at file:///E:/nova_1/node_modules/@vitest/runner/dist/chunk-artifact.js:2326:20\n    at new Promise (<anonymous>)\n    at runWithCancel (file:///E:/nova_1/node_modules/@vitest/runner/dist/chunk-artifact.js:2323:10)\n    at file:///E:/nova_1/node_modules/@vitest/runner/dist/chunk-artifact.js:2305:20\n    at new Promise (<anonymous>)\n    at runWithTimeout (file:///E:/nova_1/node_modules/@vitest/runner/dist/chunk-artifact.js:2272:10)\n    at file:///E:/nova_1/node_modules/@vitest/runner/dist/chunk-artifact.js:2955:64"],"meta":{},"tags":[]},{"ancestorTitles":["AI APIs"],"fullName":"AI APIs createTextSession returns a text session","status":"failed","title":"createTextSession returns a text session","duration":0.5777000000000498,"failureMessages":["AssertionError: expected undefined to be defined\n    at E:/nova_1/tests/web-apis-extended.test.ts:587:21\n    at file:///E:/nova_1/node_modules/@vitest/runner/dist/chunk-artifact.js:302:11\n    at file:///E:/nova_1/node_modules/@vitest/runner/dist/chunk-artifact.js:1903:26\n    at file:///E:/nova_1/node_modules/@vitest/runner/dist/chunk-artifact.js:2326:20\n    at new Promise (<anonymous>)\n    at runWithCancel (file:///E:/nova_1/node_modules/@vitest/runner/dist/chunk-artifact.js:2323:10)\n    at file:///E:/nova_1/node_modules/@vitest/runner/dist/chunk-artifact.js:2305:20\n    at new Promise (<anonymous>)\n    at runWithTimeout (file:///E:/nova_1/node_modules/@vitest/runner/dist/chunk-artifact.js:2272:10)\n    at file:///E:/nova_1/node_modules/@vitest/runner/dist/chunk-artifact.js:2955:64"],"meta":{},"tags":[]},{"ancestorTitles":["AI APIs"],"fullName":"AI APIs text session.prompt returns a promise","status":"failed","title":"text session.prompt returns a promise","duration":0.41580000000021755,"failureMessages":["TypeError: Cannot read properties of undefined (reading 'properties')\n    at E:/nova_1/tests/web-apis-extended.test.ts:602:34\n    at file:///E:/nova_1/node_modules/@vitest/runner/dist/chunk-artifact.js:302:11\n    at file:///E:/nova_1/node_modules/@vitest/runner/dist/chunk-artifact.js:1903:26\n    at file:///E:/nova_1/node_modules/@vitest/runner/dist/chunk-artifact.js:2326:20\n    at new Promise (<anonymous>)\n    at runWithCancel (file:///E:/nova_1/node_modules/@vitest/runner/dist/chunk-artifact.js:2323:10)\n    at file:///E:/nova_1/node_modules/@vitest/runner/dist/chunk-artifact.js:2305:20\n    at new Promise (<anonymous>)\n    at runWithTimeout (file:///E:/nova_1/node_modules/@vitest/runner/dist/chunk-artifact.js:2272:10)\n    at file:///E:/nova_1/node_modules/@vitest/runner/dist/chunk-artifact.js:2955:64"],"meta":{},"tags":[]},{"ancestorTitles":["AI APIs"],"fullName":"AI APIs text session.promptStreaming returns a readable stream","status":"failed","title":"text session.promptStreaming returns a readable stream","duration":0.35789999999997235,"failureMessages":["TypeError: Cannot read properties of undefined (reading 'properties')\n    at E:/nova_1/tests/web-apis-extended.test.ts:613:28\n    at file:///E:/nova_1/node_modules/@vitest/runner/dist/chunk-artifact.js:302:11\n    at file:///E:/nova_1/node_modules/@vitest/runner/dist/chunk-artifact.js:1903:26\n    at file:///E:/nova_1/node_modules/@vitest/runner/dist/chunk-artifact.js:2326:20\n    at new Promise (<anonymous>)\n    at runWithCancel (file:///E:/nova_1/node_modules/@vitest/runner/dist/chunk-artifact.js:2323:10)\n    at file:///E:/nova_1/node_modules/@vitest/runner/dist/chunk-artifact.js:2305:20\n    at new Promise (<anonymous>)\n    at runWithTimeout (file:///E:/nova_1/node_modules/@vitest/runner/dist/chunk-artifact.js:2272:10)\n    at file:///E:/nova_1/node_modules/@vitest/runner/dist/chunk-artifact.js:2955:64"],"meta":{},"tags":[]},{"ancestorTitles":["AI APIs"],"fullName":"AI APIs languageModel returns a language model","status":"failed","title":"languageModel returns a language model","duration":0.533100000000104,"failureMessages":["AssertionError: expected undefined to be defined\n    at E:/nova_1/tests/web-apis-extended.test.ts:623:16\n    at file:///E:/nova_1/node_modules/@vitest/runner/dist/chunk-artifact.js:302:11\n    at file:///E:/nova_1/node_modules/@vitest/runner/dist/chunk-artifact.js:1903:26\n    at file:///E:/nova_1/node_modules/@vitest/runner/dist/chunk-artifact.js:2326:20\n    at new Promise (<anonymous>)\n    at runWithCancel (file:///E:/nova_1/node_modules/@vitest/runner/dist/chunk-artifact.js:2323:10)\n    at file:///E:/nova_1/node_modules/@vitest/runner/dist/chunk-artifact.js:2305:20\n    at new Promise (<anonymous>)\n    at runWithTimeout (file:///E:/nova_1/node_modules/@vitest/runner/dist/chunk-artifact.js:2272:10)\n    at file:///E:/nova_1/node_modules/@vitest/runner/dist/chunk-artifact.js:2955:64"],"meta":{},"tags":[]},{"ancestorTitles":["AI APIs"],"fullName":"AI APIs summarizer has summarize and summarizeStreaming","status":"failed","title":"summarizer has summarize and summarizeStreaming","duration":0.5820000000001073,"failureMessages":["AssertionError: expected undefined to be defined\n    at E:/nova_1/tests/web-apis-extended.test.ts:637:24\n    at file:///E:/nova_1/node_modules/@vitest/runner/dist/chunk-artifact.js:302:11\n    at file:///E:/nova_1/node_modules/@vitest/runner/dist/chunk-artifact.js:1903:26\n    at file:///E:/nova_1/node_modules/@vitest/runner/dist/chunk-artifact.js:2326:20\n    at new Promise (<anonymous>)\n    at runWithCancel (file:///E:/nova_1/node_modules/@vitest/runner/dist/chunk-artifact.js:2323:10)\n    at file:///E:/nova_1/node_modules/@vitest/runner/dist/chunk-artifact.js:2305:20\n    at new Promise (<anonymous>)\n    at runWithTimeout (file:///E:/nova_1/node_modules/@vitest/runner/dist/chunk-artifact.js:2272:10)\n    at file:///E:/nova_1/node_modules/@vitest/runner/dist/chunk-artifact.js:2955:64"],"meta":{},"tags":[]},{"ancestorTitles":["AI APIs"],"fullName":"AI APIs writer has write and writeStreaming","status":"failed","title":"writer has write and writeStreaming","duration":0.5130000000001473,"failureMessages":["AssertionError: expected undefined to be defined\n    at E:/nova_1/tests/web-apis-extended.test.ts:650:20\n    at file:///E:/nova_1/node_modules/@vitest/runner/dist/chunk-artifact.js:302:11\n    at file:///E:/nova_1/node_modules/@vitest/runner/dist/chunk-artifact.js:1903:26\n    at file:///E:/nova_1/node_modules/@vitest/runner/dist/chunk-artifact.js:2326:20\n    at new Promise (<anonymous>)\n    at runWithCancel (file:///E:/nova_1/node_modules/@vitest/runner/dist/chunk-artifact.js:2323:10)\n    at file:///E:/nova_1/node_modules/@vitest/runner/dist/chunk-artifact.js:2305:20\n    at new Promise (<anonymous>)\n    at runWithTimeout (file:///E:/nova_1/node_modules/@vitest/runner/dist/chunk-artifact.js:2272:10)\n    at file:///E:/nova_1/node_modules/@vitest/runner/dist/chunk-artifact.js:2955:64"],"meta":{},"tags":[]},{"ancestorTitles":["AI APIs"],"fullName":"AI APIs rewriter has rewrite and rewriteStreaming","status":"failed","title":"rewriter has rewrite and rewriteStreaming","duration":1.2627999999999702,"failureMessages":["AssertionError: expected undefined to be defined\n    at E:/nova_1/tests/web-apis-extended.test.ts:663:22\n    at file:///E:/nova_1/node_modules/@vitest/runner/dist/chunk-artifact.js:302:11\n    at file:///E:/nova_1/node_modules/@vitest/runner/dist/chunk-artifact.js:1903:26\n    at file:///E:/nova_1/node_modules/@vitest/runner/dist/chunk-artifact.js:2326:20\n    at new Promise (<anonymous>)\n    at runWithCancel (file:///E:/nova_1/node_modules/@vitest/runner/dist/chunk-artifact.js:2323:10)\n    at file:///E:/nova_1/node_modules/@vitest/runner/dist/chunk-artifact.js:2305:20\n    at new Promise (<anonymous>)\n    at runWithTimeout (file:///E:/nova_1/node_modules/@vitest/runner/dist/chunk-artifact.js:2272:10)\n    at file:///E:/nova_1/node_modules/@vitest/runner/dist/chunk-artifact.js:2955:64"],"meta":{},"tags":[]},{"ancestorTitles":["AI APIs"],"fullName":"AI APIs translator has translate and translateStreaming","status":"failed","title":"translator has translate and translateStreaming","duration":1.0406000000000404,"failureMessages":["AssertionError: expected undefined to be defined\n    at E:/nova_1/tests/web-apis-extended.test.ts:675:24\n    at file:///E:/nova_1/node_modules/@vitest/runner/dist/chunk-artifact.js:302:11\n    at file:///E:/nova_1/node_modules/@vitest/runner/dist/chunk-artifact.js:1903:26\n    at file:///E:/nova_1/node_modules/@vitest/runner/dist/chunk-artifact.js:2326:20\n    at new Promise (<anonymous>)\n    at runWithCancel (file:///E:/nova_1/node_modules/@vitest/runner/dist/chunk-artifact.js:2323:10)\n    at file:///E:/nova_1/node_modules/@vitest/runner/dist/chunk-artifact.js:2305:20\n    at new Promise (<anonymous>)\n    at runWithTimeout (file:///E:/nova_1/node_modules/@vitest/runner/dist/chunk-artifact.js:2272:10)\n    at file:///E:/nova_1/node_modules/@vitest/runner/dist/chunk-artifact.js:2955:64"],"meta":{},"tags":[]},{"ancestorTitles":["AI APIs"],"fullName":"AI APIs languageModelFactory.create returns a language model","status":"failed","title":"languageModelFactory.create returns a language model","duration":1.0618999999999232,"failureMessages":["AssertionError: expected undefined to be defined\n    at E:/nova_1/tests/web-apis-extended.test.ts:688:16\n    at file:///E:/nova_1/node_modules/@vitest/runner/dist/chunk-artifact.js:302:11\n    at file:///E:/nova_1/node_modules/@vitest/runner/dist/chunk-artifact.js:1903:26\n    at file:///E:/nova_1/node_modules/@vitest/runner/dist/chunk-artifact.js:2326:20\n    at new Promise (<anonymous>)\n    at runWithCancel (file:///E:/nova_1/node_modules/@vitest/runner/dist/chunk-artifact.js:2323:10)\n    at file:///E:/nova_1/node_modules/@vitest/runner/dist/chunk-artifact.js:2305:20\n    at new Promise (<anonymous>)\n    at runWithTimeout (file:///E:/nova_1/node_modules/@vitest/runner/dist/chunk-artifact.js:2272:10)\n    at file:///E:/nova_1/node_modules/@vitest/runner/dist/chunk-artifact.js:2955:64"],"meta":{},"tags":[]},{"ancestorTitles":["Speculation Rules API"],"fullName":"Speculation Rules API SpeculationRules has prerender and prefetch","status":"passed","title":"SpeculationRules has prerender and prefetch","duration":0.6884999999999764,"failureMessages":[],"meta":{},"tags":[]},{"ancestorTitles":["Speculation Rules API"],"fullName":"Speculation Rules API prerender has expected properties","status":"passed","title":"prerender has expected properties","duration":0.6458000000000084,"failureMessages":[],"meta":{},"tags":[]},{"ancestorTitles":["Speculation Rules API"],"fullName":"Speculation Rules API prefetch has expected properties","status":"passed","title":"prefetch has expected properties","duration":0.6956000000000131,"failureMessages":[],"meta":{},"tags":[]},{"ancestorTitles":["Speculation Rules API"],"fullName":"Speculation Rules API prerenders returns empty array","status":"passed","title":"prerenders returns empty array","duration":0.31970000000001164,"failureMessages":[],"meta":{},"tags":[]}],"startTime":1785571050910,"endTime":1785571050964.3196,"status":"failed","message":"","name":"E:/nova_1/tests/web-apis-extended.test.ts"}]}